This is e-pTeX, Version 3.14159265-p3.7.1-161114-2.6 (utf8.euc) (TeX Live 2017) (preloaded format=platex 2017.8.22)  8 FEB 2018 22:12
entering extended mode
 restricted \write18 enabled.
 file:line:error style messages enabled.
 %&-line parsing enabled.
**thesis.tex
(./thesis.tex
pLaTeX2e <2017/05/05> (based on LaTeX2e <2017-04-15>)
Babel <3.10> and hyphenation patterns for 84 language(s) loaded.
(/usr/local/texlive/2017/texmf-dist/tex/platex/base/jreport.cls
Document Class: jreport 2017/03/05 v1.7e Standard pLaTeX class
\c@@paper=\count82
(/usr/local/texlive/2017/texmf-dist/tex/platex/base/jsize12.clo
File: jsize12.clo 2017/03/05 v1.7e Standard pLaTeX file (size option)
)
\c@part=\count83
\c@chapter=\count84
\c@section=\count85
\c@subsection=\count86
\c@subsubsection=\count87
\c@paragraph=\count88
\c@subparagraph=\count89
\c@figure=\count90
\c@table=\count91
\abovecaptionskip=\skip41
\belowcaptionskip=\skip42
\symmincho=\mathgroup4
LaTeX Font Info:    Overwriting symbol font `mincho' in version `bold'
(Font)                  JY1/mc/m/n --> JY1/gt/m/n on input line 702.
\toclineskip=\dimen118
\@lnumwidth=\dimen119
\bibindent=\dimen120
\heisei=\count92
)
(../thesis_pieces/usepackage.tex
(/usr/local/texlive/2017/texmf-dist/tex/latex/graphics/graphicx.sty
Package: graphicx 2014/10/28 v1.0g Enhanced LaTeX Graphics (DPC,SPQR)

(/usr/local/texlive/2017/texmf-dist/tex/latex/graphics/keyval.sty
Package: keyval 2014/10/28 v1.15 key=value parser (DPC)
\KV@toks@=\toks15
)
(/usr/local/texlive/2017/texmf-dist/tex/latex/graphics/graphics.sty
Package: graphics 2017/04/14 v1.1b Standard LaTeX Graphics (DPC,SPQR)

(/usr/local/texlive/2017/texmf-dist/tex/latex/graphics/trig.sty
Package: trig 2016/01/03 v1.10 sin cos tan (DPC)
)
(/usr/local/texlive/2017/texmf-dist/tex/latex/graphics-cfg/graphics.cfg
File: graphics.cfg 2016/06/04 v1.11 sample graphics configuration
)
Package graphics Info: Driver file: dvipdfmx.def on input line 99.

(/usr/local/texlive/2017/texmf-dist/tex/latex/graphics-def/dvipdfmx.def
File: dvipdfmx.def 2016/07/11 v4.12 LaTeX color/graphics driver for dvipdfmx (L
3/ChoF)
))
\Gin@req@height=\dimen121
\Gin@req@width=\dimen122
)
(/usr/local/texlive/2017/texmf-dist/tex/latex/amsmath/amsmath.sty
Package: amsmath 2016/11/05 v2.16a AMS math features
\@mathmargin=\skip43

For additional information on amsmath, use the `?' option.
(/usr/local/texlive/2017/texmf-dist/tex/latex/amsmath/amstext.sty
Package: amstext 2000/06/29 v2.01 AMS text

(/usr/local/texlive/2017/texmf-dist/tex/latex/amsmath/amsgen.sty
File: amsgen.sty 1999/11/30 v2.0 generic functions
\@emptytoks=\toks16
\ex@=\dimen123
))
(/usr/local/texlive/2017/texmf-dist/tex/latex/amsmath/amsbsy.sty
Package: amsbsy 1999/11/29 v1.2d Bold Symbols
\pmbraise@=\dimen124
)
(/usr/local/texlive/2017/texmf-dist/tex/latex/amsmath/amsopn.sty
Package: amsopn 2016/03/08 v2.02 operator names
)
\inf@bad=\count93
LaTeX Info: Redefining \frac on input line 213.
\uproot@=\count94
\leftroot@=\count95
LaTeX Info: Redefining \overline on input line 375.
\classnum@=\count96
\DOTSCASE@=\count97
LaTeX Info: Redefining \ldots on input line 472.
LaTeX Info: Redefining \dots on input line 475.
LaTeX Info: Redefining \cdots on input line 596.
\Mathstrutbox@=\box42
\strutbox@=\box43
\big@size=\dimen125
LaTeX Font Info:    Redeclaring font encoding OML on input line 712.
LaTeX Font Info:    Redeclaring font encoding OMS on input line 713.
\macc@depth=\count98
\c@MaxMatrixCols=\count99
\dotsspace@=\muskip10
\c@parentequation=\count100
\dspbrk@lvl=\count101
\tag@help=\toks17
\row@=\count102
\column@=\count103
\maxfields@=\count104
\andhelp@=\toks18
\eqnshift@=\dimen126
\alignsep@=\dimen127
\tagshift@=\dimen128
\tagwidth@=\dimen129
\totwidth@=\dimen130
\lineht@=\dimen131
\@envbody=\toks19
\multlinegap=\skip44
\multlinetaggap=\skip45
\mathdisplay@stack=\toks20
LaTeX Info: Redefining \[ on input line 2817.
LaTeX Info: Redefining \] on input line 2818.
)
(/usr/local/texlive/2017/texmf-dist/tex/latex/setspace/setspace.sty
Package: setspace 2011/12/19 v6.7a set line spacing
)
(/usr/local/texlive/2017/texmf-dist/tex/latex/amsfonts/amssymb.sty
Package: amssymb 2013/01/14 v3.01 AMS font symbols

(/usr/local/texlive/2017/texmf-dist/tex/latex/amsfonts/amsfonts.sty
Package: amsfonts 2013/01/14 v3.01 Basic AMSFonts support
\symAMSa=\mathgroup5
\symAMSb=\mathgroup6
LaTeX Font Info:    Overwriting math alphabet `\mathfrak' in version `bold'
(Font)                  U/euf/m/n --> U/euf/b/n on input line 106.
))
(/usr/local/texlive/2017/texmf-dist/tex/platex/base/ascmac.sty
Package: ascmac 2016/08/21 v2.0c ascmac wrapper (community edition) 

(/usr/local/texlive/2017/texmf-dist/tex/platex/base/tascmac.sty
Package: tascmac 2016/08/21 v2.0c ascmac package (community edition) 
\@savetbaselineshift=\dimen132
\@saveybaselineshift=\dimen133
\scb@x=\box44
\scscb@x=\box45
\@bw=\dimen134
\@nbox=\box46
\@nbody=\box47
\@scw=\dimen135
\@itemh=\dimen136
\@iboxpos=\toks21
\@iboxstr=\box48
\@bwsp=\box49
\@@bwsp=\box50
\@bcal=\count105
\shaderule=\dimen137
))
(/usr/local/texlive/2017/texmf-dist/tex/latex/framed/framed.sty
Package: framed 2011/10/22 v 0.96: framed or shaded text with page breaks
\OuterFrameSep=\skip46
\fb@frw=\dimen138
\fb@frh=\dimen139
\FrameRule=\dimen140
\FrameSep=\dimen141
)
(/usr/local/texlive/2017/texmf-dist/tex/latex/wrapfig/wrapfig.sty
\wrapoverhang=\dimen142
\WF@size=\dimen143
\c@WF@wrappedlines=\count106
\WF@box=\box51
\WF@everypar=\toks22
Package: wrapfig 2003/01/31  v 3.6
)
(/usr/local/texlive/2017/texmf-dist/tex/latex/caption/subcaption.sty
Package: subcaption 2016/05/22 v1.1-161 Sub-captions (AR)

(/usr/local/texlive/2017/texmf-dist/tex/latex/caption/caption.sty
Package: caption 2016/02/21 v3.3-144 Customizing captions (AR)

(/usr/local/texlive/2017/texmf-dist/tex/latex/caption/caption3.sty
Package: caption3 2016/05/22 v1.7-166 caption3 kernel (AR)
Package caption3 Info: TeX engine: e-TeX on input line 67.
\captionmargin=\dimen144
\captionmargin@=\dimen145
\captionwidth=\dimen146
\caption@tempdima=\dimen147
\caption@indent=\dimen148
\caption@parindent=\dimen149
\caption@hangindent=\dimen150
Package caption Info: Unknown document class (or package),
(caption)             standard defaults will be used.
)

Package caption Warning: Unsupported document class (or package) detected,
(caption)                usage of the caption package is not recommended.
See the caption package documentation for explanation.

Package caption Info: \@makecaption = \long macro:#1#2->\vskip \abovecaptionski
p \iftdir \sbox \@tempboxa {#1\hskip 1zw#2}\else \sbox \@tempboxa {#1: #2}\fi \
ifdim \wd \@tempboxa >\hsize \iftdir #1\hskip 1zw#2\relax \par \else #1: #2\rel
ax \par \fi \else \global \@minipagefalse \hb@xt@ \hsize {\hfil \box \@tempboxa
 \hfil }\fi \vskip \belowcaptionskip .
\c@ContinuedFloat=\count107
Package caption Info: wrapfig package is loaded.
)
\c@subfigure=\count108
\c@subtable=\count109
) (/usr/local/texlive/2017/texmf-dist/tex/latex/comment/comment.sty
\CommentStream=\write3

Excluding comment 'comment')
(/usr/local/texlive/2017/texmf-dist/tex/latex/lineno/lineno.sty
Package: lineno 2005/11/02 line numbers on paragraphs v4.41
\linenopenalty=\count110
\output=\toks23
\linenoprevgraf=\count111
\linenumbersep=\dimen151
\linenumberwidth=\dimen152
\c@linenumber=\count112
\c@pagewiselinenumber=\count113
\c@LN@truepage=\count114
\c@internallinenumber=\count115
\c@internallinenumbers=\count116
\quotelinenumbersep=\dimen153
\bframerule=\dimen154
\bframesep=\dimen155
\bframebox=\box52
LaTeX Info: Redefining \\ on input line 3056.
)
(/usr/local/texlive/2017/texmf-dist/tex/latex/here/here.sty)
(/usr/local/texlive/2017/texmf-dist/tex/latex/float/float.sty
Package: float 2001/11/08 v1.3d Float enhancements (AL)
\c@float@type=\count117
\float@exts=\toks24
\float@box=\box53
\@float@everytoks=\toks25
\@floatcapt=\box54
)
(/usr/local/texlive/2017/texmf-dist/tex/generic/ulem/ulem.sty
\UL@box=\box55
\UL@hyphenbox=\box56
\UL@skip=\skip47
\UL@hook=\toks26
\UL@height=\dimen156
\UL@pe=\count118
\UL@pixel=\dimen157
\ULC@box=\box57
Package: ulem 2012/05/18
\ULdepth=\dimen158
)
(/usr/local/texlive/2017/texmf-dist/tex/latex/bbm-macros/bbm.sty
Package: bbm 1999/03/15 V 1.2 provides fonts for set symbols - TH
LaTeX Font Info:    Overwriting math alphabet `\mathbbm' in version `bold'
(Font)                  U/bbm/m/n --> U/bbm/bx/n on input line 33.
LaTeX Font Info:    Overwriting math alphabet `\mathbbmss' in version `bold'
(Font)                  U/bbmss/m/n --> U/bbmss/bx/n on input line 35.
)
(/usr/local/texlive/2017/texmf-dist/tex/latex/braket/braket.sty)
(/usr/local/texlive/2017/texmf-dist/tex/latex/mathtools/mathtools.sty
Package: mathtools 2015/11/12 v1.18 mathematical typesetting tools

(/usr/local/texlive/2017/texmf-dist/tex/latex/tools/calc.sty
Package: calc 2014/10/28 v4.3 Infix arithmetic (KKT,FJ)
\calc@Acount=\count119
\calc@Bcount=\count120
\calc@Adimen=\dimen159
\calc@Bdimen=\dimen160
\calc@Askip=\skip48
\calc@Bskip=\skip49
LaTeX Info: Redefining \setlength on input line 80.
LaTeX Info: Redefining \addtolength on input line 81.
\calc@Ccount=\count121
\calc@Cskip=\skip50
)
(/usr/local/texlive/2017/texmf-dist/tex/latex/mathtools/mhsetup.sty
Package: mhsetup 2010/01/21 v1.2a programming setup (MH)
)
LaTeX Info: Thecontrolsequence`\('isalreadyrobust on input line 129.
LaTeX Info: Thecontrolsequence`\)'isalreadyrobust on input line 129.
LaTeX Info: Thecontrolsequence`\['isalreadyrobust on input line 129.
LaTeX Info: Thecontrolsequence`\]'isalreadyrobust on input line 129.
\g_MT_multlinerow_int=\count122
\l_MT_multwidth_dim=\dimen161
\origjot=\skip51
\l_MT_shortvdotswithinadjustabove_dim=\dimen162
\l_MT_shortvdotswithinadjustbelow_dim=\dimen163
\l_MT_above_intertext_sep=\dimen164
\l_MT_below_intertext_sep=\dimen165
\l_MT_above_shortintertext_sep=\dimen166
\l_MT_below_shortintertext_sep=\dimen167
))
(/usr/local/texlive/2017/texmf-dist/tex/latex/oberdiek/bookmark.sty
Package: bookmark 2016/05/17 v1.26 PDF bookmarks (HO)

(/usr/local/texlive/2017/texmf-dist/tex/generic/oberdiek/pdfescape.sty
Package: pdfescape 2016/05/16 v1.14 Implements pdfTeX's escape features (HO)

(/usr/local/texlive/2017/texmf-dist/tex/generic/oberdiek/ltxcmds.sty
Package: ltxcmds 2016/05/16 v1.23 LaTeX kernel commands for general use (HO)
)
(/usr/local/texlive/2017/texmf-dist/tex/generic/oberdiek/pdftexcmds.sty
Package: pdftexcmds 2017/03/19 v0.25 Utility functions of pdfTeX for LuaTeX (HO
)

(/usr/local/texlive/2017/texmf-dist/tex/generic/oberdiek/infwarerr.sty
Package: infwarerr 2016/05/16 v1.4 Providing info/warning/error messages (HO)
)
(/usr/local/texlive/2017/texmf-dist/tex/generic/oberdiek/ifluatex.sty
Package: ifluatex 2016/05/16 v1.4 Provides the ifluatex switch (HO)
Package ifluatex Info: LuaTeX not detected.
)
(/usr/local/texlive/2017/texmf-dist/tex/generic/oberdiek/ifpdf.sty
Package: ifpdf 2017/03/15 v3.2 Provides the ifpdf switch
)
Package pdftexcmds Info: LuaTeX not detected.
Package pdftexcmds Info: pdfTeX >= 1.30 not detected.
Package pdftexcmds Info: \pdf@primitive is available.
Package pdftexcmds Info: \pdf@ifprimitive is available.
Package pdftexcmds Info: \pdfdraftmode not found.
))
(/usr/local/texlive/2017/texmf-dist/tex/generic/ifxetex/ifxetex.sty
Package: ifxetex 2010/09/12 v0.6 Provides ifxetex conditional
)
(/usr/local/texlive/2017/texmf-dist/tex/generic/oberdiek/ifvtex.sty
Package: ifvtex 2016/05/16 v1.6 Detect VTeX and its facilities (HO)
Package ifvtex Info: VTeX not detected.
)
(/usr/local/texlive/2017/texmf-dist/tex/latex/hyperref/hyperref.sty
Package: hyperref 2017/03/14 v6.85a Hypertext links for LaTeX

(/usr/local/texlive/2017/texmf-dist/tex/generic/oberdiek/hobsub-hyperref.sty
Package: hobsub-hyperref 2016/05/16 v1.14 Bundle oberdiek, subset hyperref (HO)


(/usr/local/texlive/2017/texmf-dist/tex/generic/oberdiek/hobsub-generic.sty
Package: hobsub-generic 2016/05/16 v1.14 Bundle oberdiek, subset generic (HO)
Package: hobsub 2016/05/16 v1.14 Construct package bundles (HO)
Package hobsub Info: Skipping package `infwarerr' (already loaded).
Package hobsub Info: Skipping package `ltxcmds' (already loaded).
Package hobsub Info: Skipping package `ifluatex' (already loaded).
Package hobsub Info: Skipping package `ifvtex' (already loaded).
Package: intcalc 2016/05/16 v1.2 Expandable calculations with integers (HO)
Package hobsub Info: Skipping package `ifpdf' (already loaded).
Package: etexcmds 2016/05/16 v1.6 Avoid name clashes with e-TeX commands (HO)
Package etexcmds Info: Could not find \expanded.
(etexcmds)             That can mean that you are not using pdfTeX 1.50 or
(etexcmds)             that some package has redefined \expanded.
(etexcmds)             In the latter case, load this package earlier.
Package: kvsetkeys 2016/05/16 v1.17 Key value parser (HO)
Package: kvdefinekeys 2016/05/16 v1.4 Define keys (HO)
Package hobsub Info: Skipping package `pdftexcmds' (already loaded).
Package hobsub Info: Skipping package `pdfescape' (already loaded).
Package: bigintcalc 2016/05/16 v1.4 Expandable calculations on big integers (HO
)
Package: bitset 2016/05/16 v1.2 Handle bit-vector datatype (HO)
Package: uniquecounter 2016/05/16 v1.3 Provide unlimited unique counter (HO)
)
Package hobsub Info: Skipping package `hobsub' (already loaded).
Package: letltxmacro 2016/05/16 v1.5 Let assignment for LaTeX macros (HO)
Package: hopatch 2016/05/16 v1.3 Wrapper for package hooks (HO)
Package: xcolor-patch 2016/05/16 xcolor patch
Package: atveryend 2016/05/16 v1.9 Hooks at the very end of document (HO)
Package atveryend Info: \enddocument detected (standard20110627).
Package: atbegshi 2016/06/09 v1.18 At begin shipout hook (HO)
Package: refcount 2016/05/16 v3.5 Data extraction from label references (HO)
Package: hycolor 2016/05/16 v1.8 Color options for hyperref/bookmark (HO)
)
(/usr/local/texlive/2017/texmf-dist/tex/latex/oberdiek/auxhook.sty
Package: auxhook 2016/05/16 v1.4 Hooks for auxiliary files (HO)
)
(/usr/local/texlive/2017/texmf-dist/tex/latex/oberdiek/kvoptions.sty
Package: kvoptions 2016/05/16 v3.12 Key value format for package options (HO)
)
\@linkdim=\dimen168
\Hy@linkcounter=\count123
\Hy@pagecounter=\count124

(/usr/local/texlive/2017/texmf-dist/tex/latex/hyperref/pd1enc.def
File: pd1enc.def 2017/03/14 v6.85a Hyperref: PDFDocEncoding definition (HO)
)
\Hy@SavedSpaceFactor=\count125

(/usr/local/texlive/2017/texmf-dist/tex/latex/latexconfig/hyperref.cfg
File: hyperref.cfg 2002/06/06 v1.2 hyperref configuration of TeXLive
)
Package hyperref Info: Hyper figures OFF on input line 4498.
Package hyperref Info: Link nesting OFF on input line 4503.
Package hyperref Info: Hyper index ON on input line 4506.
Package hyperref Info: Plain pages OFF on input line 4513.
Package hyperref Info: Backreferencing OFF on input line 4518.
Package hyperref Info: Implicit mode ON; LaTeX internals redefined.
Package hyperref Info: Bookmarks ON on input line 4751.
\c@Hy@tempcnt=\count126

(/usr/local/texlive/2017/texmf-dist/tex/latex/url/url.sty
\Urlmuskip=\muskip11
Package: url 2013/09/16  ver 3.4  Verb mode for urls, etc.
)
LaTeX Info: Redefining \url on input line 5104.
\XeTeXLinkMargin=\dimen169
\Fld@menulength=\count127
\Field@Width=\dimen170
\Fld@charsize=\dimen171
Package hyperref Info: Hyper figures OFF on input line 6358.
Package hyperref Info: Link nesting OFF on input line 6363.
Package hyperref Info: Hyper index ON on input line 6366.
Package hyperref Info: backreferencing OFF on input line 6373.
Package hyperref Info: Link coloring OFF on input line 6378.
Package hyperref Info: Link coloring with OCG OFF on input line 6383.
Package hyperref Info: PDF/A mode OFF on input line 6388.
LaTeX Info: Redefining \ref on input line 6428.
LaTeX Info: Redefining \pageref on input line 6432.
\Hy@abspage=\count128
\c@Item=\count129
\c@Hfootnote=\count130
)

Package hyperref Message: Driver (default): hdvips.

(/usr/local/texlive/2017/texmf-dist/tex/latex/hyperref/hdvips.def
File: hdvips.def 2017/03/14 v6.85a Hyperref driver for dvips

(/usr/local/texlive/2017/texmf-dist/tex/latex/hyperref/pdfmark.def
File: pdfmark.def 2017/03/14 v6.85a Hyperref definitions for pdfmark specials
\pdf@docset=\toks27
\pdf@box=\box58
\pdf@toks=\toks28
\pdf@defaulttoks=\toks29
\HyField@AnnotCount=\count131
\Fld@listcount=\count132
\c@bookmark@seq@number=\count133

(/usr/local/texlive/2017/texmf-dist/tex/latex/oberdiek/rerunfilecheck.sty
Package: rerunfilecheck 2016/05/16 v1.8 Rerun checks for auxiliary files (HO)
Package uniquecounter Info: New unique counter `rerunfilecheck' on input line 2
82.
)
\Hy@SectionHShift=\skip52
))
(/usr/local/texlive/2017/texmf-dist/tex/latex/oberdiek/bkm-dvips.def
File: bkm-dvips.def 2016/05/17 v1.26 bookmark driver for dvips (HO)
\BKM@id=\count134
))
(../thesis_pieces/form00_style.tex) (../thesis_pieces/tightlist_setting.tex)
(../split_files/informations/informations.tex

LaTeX Warning: Unused global option(s):
    [a4].

(./thesis.aux

LaTeX Warning: Label `delete' multiply defined.

)
\openout1 = `thesis.aux'.

LaTeX Font Info:    Checking defaults for OML/cmm/m/it on input line 4.
LaTeX Font Info:    ... okay on input line 4.
LaTeX Font Info:    Checking defaults for T1/cmr/m/n on input line 4.
LaTeX Font Info:    ... okay on input line 4.
LaTeX Font Info:    Checking defaults for OT1/cmr/m/n on input line 4.
LaTeX Font Info:    ... okay on input line 4.
LaTeX Font Info:    Checking defaults for OMS/cmsy/m/n on input line 4.
LaTeX Font Info:    ... okay on input line 4.
LaTeX Font Info:    Checking defaults for OMX/cmex/m/n on input line 4.
LaTeX Font Info:    ... okay on input line 4.
LaTeX Font Info:    Checking defaults for U/cmr/m/n on input line 4.
LaTeX Font Info:    ... okay on input line 4.
LaTeX Font Info:    Checking defaults for JY1/mc/m/n on input line 4.
LaTeX Font Info:    ... okay on input line 4.
LaTeX Font Info:    Checking defaults for JT1/mc/m/n on input line 4.
LaTeX Font Info:    ... okay on input line 4.
LaTeX Font Info:    Checking defaults for PD1/pdf/m/n on input line 4.
LaTeX Font Info:    ... okay on input line 4.
Package caption Info: Begin \AtBeginDocument code.
Package caption Info: float package is loaded.
Package caption Info: hyperref package is loaded.
Package caption Info: End \AtBeginDocument code.
\AtBeginShipoutBox=\box59
Package hyperref Info: Link coloring OFF on input line 4.
 (/usr/local/texlive/2017/texmf-dist/tex/latex/hyperref/nameref.sty
Package: nameref 2016/05/21 v2.44 Cross-referencing by name of section

(/usr/local/texlive/2017/texmf-dist/tex/generic/oberdiek/gettitlestring.sty
Package: gettitlestring 2016/05/16 v1.5 Cleanup title references (HO)
)
\c@section@level=\count135
)
LaTeX Info: Redefining \ref on input line 4.
LaTeX Info: Redefining \pageref on input line 4.
LaTeX Info: Redefining \nameref on input line 4.
LaTeX Font Info:    Try loading font information for U+msa on input line 6.

(/usr/local/texlive/2017/texmf-dist/tex/latex/amsfonts/umsa.fd
File: umsa.fd 2013/01/14 v3.01 AMS symbols A
)
LaTeX Font Info:    Try loading font information for U+msb on input line 6.

(/usr/local/texlive/2017/texmf-dist/tex/latex/amsfonts/umsb.fd
File: umsb.fd 2013/01/14 v3.01 AMS symbols B
) [1

])
LaTeX Font Info:    Font shape `JT1/mc/bx/n' in size <24.88> not available
(Font)              Font shape `JT1/gt/m/n' tried instead on input line 14.
LaTeX Font Info:    Font shape `JY1/mc/bx/n' in size <24.88> not available
(Font)              Font shape `JY1/gt/m/n' tried instead on input line 14.

(./thesis.toc
LaTeX Font Info:    Font shape `JT1/mc/bx/n' in size <12> not available
(Font)              Font shape `JT1/gt/m/n' tried instead on input line 1.
LaTeX Font Info:    Font shape `JY1/mc/bx/n' in size <12> not available
(Font)              Font shape `JY1/gt/m/n' tried instead on input line 1.
 [1

])
\tf@toc=\write4
\openout4 = `thesis.toc'.

 (./.splits_location.tex
(../split_files/chapter1/chapter1.tex [2]
第 1 章
LaTeX Font Info:    Font shape `JT1/mc/bx/n' in size <17.28> not available
(Font)              Font shape `JT1/gt/m/n' tried instead on input line 3.
LaTeX Font Info:    Font shape `JY1/mc/bx/n' in size <17.28> not available
(Font)              Font shape `JY1/gt/m/n' tried instead on input line 3.
) (../split_files/chapter2/chapter2.tex [3

]
第 2 章
[4

] [5]
Overfull \hbox (93.33908pt too wide) in paragraph at lines 72--72
\JY1/mc/m/n/12 ンタで印字される文字などを出力とする ， ユ ーザインタフ ェ ース
の様式で ， \OT1/cmtt/m/n/12 GUI(Graphical User Interface)
 []

LaTeX Font Info:    Try loading font information for OMS+cmr on input line 79.
(/usr/local/texlive/2017/texmf-dist/tex/latex/base/omscmr.fd
File: omscmr.fd 2014/09/29 v2.5h Standard LaTeX font definitions
)
LaTeX Font Info:    Font shape `OMS/cmr/m/n' in size <12> not available
(Font)              Font shape `OMS/cmsy/m/n' tried instead on input line 79.
 [6]
LaTeX Font Info:    Font shape `JT1/mc/bx/n' in size <14.4> not available
(Font)              Font shape `JT1/gt/m/n' tried instead on input line 110.
LaTeX Font Info:    Font shape `JY1/mc/bx/n' in size <14.4> not available
(Font)              Font shape `JY1/gt/m/n' tried instead on input line 110.
 [7] [8]
Overfull \hbox (78.58167pt too wide) in paragraph at lines 177--181
[]\OT1/cmr/m/n/12 github \JY1/mc/m/n/12 によるインスト ール方法は以下の通りであ
る ．  \OT1/cmr/m/n/12 1. "https://github.com/souki1103/editor[]learner"
 []


Overfull \hbox (86.9292pt too wide) in paragraph at lines 186--189
\OT1/cmr/m/n/12 i-tor[]learner \JY1/mc/m/n/12 と入力 ， 実行 \OT1/cmr/m/n/12 1.
 \JY1/mc/m/n/12 フ ァ イルがホ ームデ ィ レクトの\OT1/cmr/m/n/12 .rbenv/version
s/2.4.0/lib/ruby/gems/2.4.0/gems
 []

[9]
Overfull \hbox (6.28319pt too wide) in paragraph at lines 235--236
[]\JY1/mc/m/n/12 ホ ームデ ィ レクトの\OT1/cmr/m/n/12 .rbenv/versions/2.4.0/lib
/ruby/gems/2.4.0/gems \JY1/mc/m/n/12 に \OT1/cmr/m/n/12 ed-i-tor[]learner
 []

[10]
Overfull \hbox (58.06694pt too wide) in paragraph at lines 286--288
[]\OT1/cmr/m/n/12 workshop \JY1/mc/m/n/12 の中に \OT1/cmr/m/n/12 ques-tion.rb \
JY1/mc/m/n/12 と \OT1/cmr/m/n/12 an-swer.rb\JY1/mc/m/n/12 ， \OT1/cmr/m/n/12 ra
n-dom[]h.rb \JY1/mc/m/n/12 と \OT1/cmr/m/n/12 ruby[]1$[]$ruby[]6
 []


Overfull \hbox (7.37468pt too wide) in paragraph at lines 292--297
\OT1/cmr/m/n/12 ed-i-tor[]learner ran-dom[]check ed-i-tor[]leraner se-quen-tial
[]check [les-son[]number] [1~3num-
 []

[11] [12] [13] [14]
Overfull \hbox (44.93115pt too wide) in paragraph at lines 468--468
[]      \OT1/cmtt/m/n/12 @inject = File.join(@lib_location[0].chomp, "/gems/#{@
latest_version}/lib")[] 
 []


Overfull \hbox (14.05614pt too wide) in paragraph at lines 468--468
[]          \OT1/cmtt/m/n/12 FileUtils.cp("#{@inject}/random_h.rb", "#{@prac_di
r}/random_h.rb")[] 
 []


Overfull \hbox (156.0812pt too wide) in paragraph at lines 468--468
[]          \OT1/cmtt/m/n/12 FileUtils.cp("#{ENV['HOME']}/editor_learner/lib/ra
ndom_h.rb", "#{@prac_dir}/random_h.rb")[] 
 []

[15]
Overfull \hbox (149.9062pt too wide) in paragraph at lines 468--468
[]            \OT1/cmtt/m/n/12 FileUtils.cp("#{@inject}/sequential_h.rb", "#{@p
rac_dir}/ruby_#{num}/sequential_h.rb")[] 
 []


Overfull \hbox (291.93127pt too wide) in paragraph at lines 468--468
[]            \OT1/cmtt/m/n/12 FileUtils.cp("#{ENV['HOME']}/editor_learner/lib/
sequential_h.rb", "#{@prac_dir}/ruby_#{num}/sequential_h.rb")[] 
 []

[16]
Overfull \hbox (159.2756pt too wide) in paragraph at lines 485--488
\JY1/mc/m/n/12 るパスを格納している ． \OT1/cmr/m/n/12 (\JY1/mc/m/n/12 自分のタ
 ーミナル場で実行すると\OT1/cmr/m/n/12 /Users/souki/.rbenv/versions/2.4.0/lib/r
uby/gems/2.4.0) 
 []


Overfull \hbox (10.41797pt too wide) in paragraph at lines 492--493
[]\OT1/cmr/m/n/12 inject \JY1/mc/m/n/12 は実際にこれらのパスをつなぎ合わせてで
きる \OT1/cmr/m/n/12 gem \JY1/mc/m/n/12 で \OT1/cmr/m/n/12 in-stall \JY1/mc/m/n
/12 された \OT1/cmr/m/n/12 ed-i-tor[]learner
 []


Overfull \hbox (364.82237pt too wide) in paragraph at lines 492--493
\JY1/mc/m/n/12 が格納されているパスが格納されているインスタン変数である ． \OT1
/cmr/m/n/12 (\JY1/mc/m/n/12 自分の場合は\OT1/cmr/m/n/12 /Users/souki/.rbenv/ver
sions/2.4.0/lib/ruby/gems/2.4.0/gems/editor[]learner-
 []


Overfull \hbox (17.77019pt too wide) in paragraph at lines 497--499
\JY1/mc/m/n/12 必要なフ ァ イルを作成する ． \OT1/cmr/m/n/12 ed-i-tor[]learner/
workshop \JY1/mc/m/n/12 に \OT1/cmr/m/n/12 ruby[]1$[]$3.rb
 []

[17]
Overfull \hbox (14.05614pt too wide) in paragraph at lines 516--516
[]\OT1/cmtt/m/n/12 desc 'delete [number~number]', 'delete the ruby_file choose 
number to delet\[] 
 []

[18]
Overfull \hbox (51.10616pt too wide) in paragraph at lines 564--564
[]      \OT1/cmtt/m/n/12 src_dir = File.expand_path('../..', __FILE__) # "Users
/souki/editor_learner"[] 
 []


Overfull \hbox (1.70613pt too wide) in paragraph at lines 564--564
[]      \OT1/cmtt/m/n/12 if File.exist?("#{@inject}/random_check_question/#{s}"
) == true then[] 
 []


Overfull \hbox (94.33118pt too wide) in paragraph at lines 564--564
[]        \OT1/cmtt/m/n/12 FileUtils.cp("#{@inject}/random_check_question/#{s}"
, "#{@prac_dir}/question.rb")[] 
 []


Overfull \hbox (180.78122pt too wide) in paragraph at lines 564--564
[]        \OT1/cmtt/m/n/12 FileUtils.cp(File.join(src_dir, "lib/random_check_qu
estion/#{s}"),  "#{@prac_dir}/question.rb")[] 
 []


Overfull \hbox (261.05626pt too wide) in paragraph at lines 564--564
[]        \OT1/cmtt/m/n/12 if a == "check" && FileUtils.compare_file("#{@prac_d
ir}/question.rb", "#{@prac_dir}/answer.rb") == true then[] 
 []


Overfull \hbox (180.78122pt too wide) in paragraph at lines 564--564
[]        \OT1/cmtt/m/n/12 elsif FileUtils.compare_file("#{@prac_dir}/question.
rb", "#{@prac_dir}/answer.rb") != true then[] 
 []

[19]
Overfull \hbox (273.40627pt too wide) in paragraph at lines 614--614
[]\OT1/cmtt/m/n/12 desc 'sequential_check [lesson_number] [1~3number] ','sequen
tial check your typing skill and edit skill choose number'[] 
 []


Overfull \hbox (26.40614pt too wide) in paragraph at lines 614--614
[]      \OT1/cmtt/m/n/12 @pracnm_dir = "#{ENV['HOME']}/editor_learner/workshop/
ruby_#{n}/#{m}.rb"[] 
 []


Overfull \hbox (7.88113pt too wide) in paragraph at lines 614--614
[]      \OT1/cmtt/m/n/12 @pracnq_dir = "#{ENV['HOME']}/editor_learner/workshop/
ruby_#{n}/q.rb"[] 
 []


Overfull \hbox (26.40614pt too wide) in paragraph at lines 614--614
[]      \OT1/cmtt/m/n/12 @pracnl_dir = "#{ENV['HOME']}/editor_learner/workshop/
ruby_#{n}/#{l}.rb"[] 
 []


Overfull \hbox (106.68118pt too wide) in paragraph at lines 614--614
[]      \OT1/cmtt/m/n/12 if File.exist?("#{@inject}/sequential_check_question/r
uby_#{n}/#{m}.rb") == true then[] 
 []


Overfull \hbox (137.5562pt too wide) in paragraph at lines 614--614
[]        \OT1/cmtt/m/n/12 FileUtils.cp("#{@inject}/sequential_check_question/r
uby_#{n}/#{m}.rb", "#{@pracnq_dir}")[] 
 []

[20]
Overfull \hbox (14.05614pt too wide) in paragraph at lines 614--614
[]        \OT1/cmtt/m/n/12 FileUtils.cp(File.join(src_dir, "#{@seqnm_dir}"),  "
#{@pracnq_dir}")[] 
 []


Overfull \hbox (69.63116pt too wide) in paragraph at lines 614--614
[]      \OT1/cmtt/m/n/12 if l != 0 && FileUtils.compare_file("#{@pracnm_dir}", 
"#{@pracnq_dir}") != true[] 
 []


Overfull \hbox (131.3812pt too wide) in paragraph at lines 614--614
[]        \OT1/cmtt/m/n/12 FileUtils.compare_file("#{@pracnl_dir}", (File.join(
src_dir, "#{@seqnl_dir}"))) == true[] 
 []


Overfull \hbox (199.30623pt too wide) in paragraph at lines 614--614
[]        \OT1/cmtt/m/n/12 system "osascript -e 'tell application \"Terminal\" 
to do script \"cd #{@prac_dir}/ruby_#{n} \" '"[] 
 []


Overfull \hbox (162.25621pt too wide) in paragraph at lines 614--614
[]          \OT1/cmtt/m/n/12 if a == "check" && FileUtils.compare_file("#{@prac
nm_dir}", "#{@pracnq_dir}") == true then[] 
 []


Overfull \hbox (81.98117pt too wide) in paragraph at lines 614--614
[]          \OT1/cmtt/m/n/12 elsif FileUtils.compare_file("#{@pracnm_dir}", "#{
@pracnq_dir}") != true then[] 
 []

[21]
Overfull \hbox (137.5562pt too wide) in paragraph at lines 625--625
[]        \OT1/cmtt/m/n/12 system "osascript -e 'tell application \"Terminal\" 
to do script \"cd #{@prac_dir} \" '"[] 
 []

[22]
Overfull \hbox (44.93115pt too wide) in paragraph at lines 795--795
[]      \OT1/cmtt/m/n/12 @inject = File.join(@lib_location[0].chomp, "/gems/#{@
latest_version}/lib")[] 
 []


Overfull \hbox (14.05614pt too wide) in paragraph at lines 795--795
[]          \OT1/cmtt/m/n/12 FileUtils.cp("#{@inject}/random_h.rb", "#{@prac_di
r}/random_h.rb")[] 
 []


Overfull \hbox (156.0812pt too wide) in paragraph at lines 795--795
[]          \OT1/cmtt/m/n/12 FileUtils.cp("#{ENV['HOME']}/editor_learner/lib/ra
ndom_h.rb", "#{@prac_dir}/random_h.rb")[] 
 []

[23]
Overfull \hbox (149.9062pt too wide) in paragraph at lines 795--795
[]            \OT1/cmtt/m/n/12 FileUtils.cp("#{@inject}/sequential_h.rb", "#{@p
rac_dir}/ruby_#{num}/sequential_h.rb")[] 
 []


Overfull \hbox (291.93127pt too wide) in paragraph at lines 795--795
[]            \OT1/cmtt/m/n/12 FileUtils.cp("#{ENV['HOME']}/editor_learner/lib/
sequential_h.rb", "#{@prac_dir}/ruby_#{num}/sequential_h.rb")[] 
 []


Overfull \hbox (75.80617pt too wide) in paragraph at lines 795--795
[]    \OT1/cmtt/m/n/12 desc 'delete [number~number]', 'delete the ruby_file cho
ose number to delete file'[] 
 []


Overfull \hbox (298.10628pt too wide) in paragraph at lines 795--795
[]    \OT1/cmtt/m/n/12 desc 'sequential_check [lesson_number] [1~3number] ','se
quential check your typing skill and edit skill choose number'[] 
 []

[24]
Overfull \hbox (26.40614pt too wide) in paragraph at lines 795--795
[]      \OT1/cmtt/m/n/12 @pracnm_dir = "#{ENV['HOME']}/editor_learner/workshop/
ruby_#{n}/#{m}.rb"[] 
 []


Overfull \hbox (7.88113pt too wide) in paragraph at lines 795--795
[]      \OT1/cmtt/m/n/12 @pracnq_dir = "#{ENV['HOME']}/editor_learner/workshop/
ruby_#{n}/q.rb"[] 
 []


Overfull \hbox (26.40614pt too wide) in paragraph at lines 795--795
[]      \OT1/cmtt/m/n/12 @pracnl_dir = "#{ENV['HOME']}/editor_learner/workshop/
ruby_#{n}/#{l}.rb"[] 
 []


Overfull \hbox (106.68118pt too wide) in paragraph at lines 795--795
[]      \OT1/cmtt/m/n/12 if File.exist?("#{@inject}/sequential_check_question/r
uby_#{n}/#{m}.rb") == true then[] 
 []


Overfull \hbox (137.5562pt too wide) in paragraph at lines 795--795
[]        \OT1/cmtt/m/n/12 FileUtils.cp("#{@inject}/sequential_check_question/r
uby_#{n}/#{m}.rb", "#{@pracnq_dir}")[] 
 []


Overfull \hbox (14.05614pt too wide) in paragraph at lines 795--795
[]        \OT1/cmtt/m/n/12 FileUtils.cp(File.join(src_dir, "#{@seqnm_dir}"),  "
#{@pracnq_dir}")[] 
 []


Overfull \hbox (69.63116pt too wide) in paragraph at lines 795--795
[]      \OT1/cmtt/m/n/12 if l != 0 && FileUtils.compare_file("#{@pracnm_dir}", 
"#{@pracnq_dir}") != true[] 
 []


Overfull \hbox (131.3812pt too wide) in paragraph at lines 795--795
[]        \OT1/cmtt/m/n/12 FileUtils.compare_file("#{@pracnl_dir}", (File.join(
src_dir, "#{@seqnl_dir}"))) == true[] 
 []


Overfull \hbox (199.30623pt too wide) in paragraph at lines 795--795
[]        \OT1/cmtt/m/n/12 system "osascript -e 'tell application \"Terminal\" 
to do script \"cd #{@prac_dir}/ruby_#{n} \" '"[] 
 []


Overfull \hbox (162.25621pt too wide) in paragraph at lines 795--795
[]          \OT1/cmtt/m/n/12 if a == "check" && FileUtils.compare_file("#{@prac
nm_dir}", "#{@pracnq_dir}") == true then[] 
 []

[25]
Overfull \hbox (81.98117pt too wide) in paragraph at lines 795--795
[]          \OT1/cmtt/m/n/12 elsif FileUtils.compare_file("#{@pracnm_dir}", "#{
@pracnq_dir}") != true then[] 
 []


Overfull \hbox (51.10616pt too wide) in paragraph at lines 795--795
[]      \OT1/cmtt/m/n/12 src_dir = File.expand_path('../..', __FILE__) # "Users
/souki/editor_learner"[] 
 []


Overfull \hbox (1.70613pt too wide) in paragraph at lines 795--795
[]      \OT1/cmtt/m/n/12 if File.exist?("#{@inject}/random_check_question/#{s}"
) == true then[] 
 []


Overfull \hbox (94.33118pt too wide) in paragraph at lines 795--795
[]        \OT1/cmtt/m/n/12 FileUtils.cp("#{@inject}/random_check_question/#{s}"
, "#{@prac_dir}/question.rb")[] 
 []

[26]
Overfull \hbox (180.78122pt too wide) in paragraph at lines 795--795
[]        \OT1/cmtt/m/n/12 FileUtils.cp(File.join(src_dir, "lib/random_check_qu
estion/#{s}"),  "#{@prac_dir}/question.rb")[] 
 []


Overfull \hbox (261.05626pt too wide) in paragraph at lines 795--795
[]        \OT1/cmtt/m/n/12 if a == "check" && FileUtils.compare_file("#{@prac_d
ir}/question.rb", "#{@prac_dir}/answer.rb") == true then[] 
 []


Overfull \hbox (180.78122pt too wide) in paragraph at lines 795--795
[]        \OT1/cmtt/m/n/12 elsif FileUtils.compare_file("#{@prac_dir}/question.
rb", "#{@prac_dir}/answer.rb") != true then[] 
 []


Overfull \hbox (137.5562pt too wide) in paragraph at lines 795--795
[]        \OT1/cmtt/m/n/12 system "osascript -e 'tell application \"Terminal\" 
to do script \"cd #{@prac_dir} \" '"[] 
 []

[27]
Package atveryend Info: Empty hook `BeforeClearDocument' on input line 804.
 [28]
Package atveryend Info: Executing hook `AfterLastShipout' on input line 804.
\BKM@file=\write5
\openout5 = `thesis.out.ps'.

 (./thesis.aux)
Package atveryend Info: Empty hook `AtVeryEndDocument' on input line 804.
Package atveryend Info: Empty hook `AtEndAfterFileList' on input line 804.


LaTeX Warning: There were multiply-defined labels.

Package atveryend Info: Empty hook `AtVeryVeryEnd' on input line 804.
 ) ) ) 
Here is how much of TeX's memory you used:
 8284 strings out of 493653
 126072 string characters out of 6148874
 224947 words of memory out of 5000000
 11715 multiletter control sequences out of 15000+600000
 20583 words of font info for 84 fonts, out of 8000000 for 9000
 929 hyphenation exceptions out of 8191
 44i,6n,40p,1619b,477s stack positions out of 5000i,500n,10000p,200000b,80000s

Output written on thesis.dvi (29 pages, 99640 bytes).
